<?xml version="1.0" encoding="UTF-8"?>
<!-- Generated by org.testng.reporters.JUnitXMLReporter -->
<testsuite ignored="0" hostname="DESKTOP-BTQKU2N" failures="0" tests="3" name="Default test" time="9.782" errors="0" timestamp="2025-12-14T14:56:59 IST">
  <testcase classname="Tests.BrowseJobsTest" name="apply_for_job" time="1.893"/>
  <testcase classname="Tests.BrowseJobsTest" name="apply_for_job_twice" time="1.811"/>
  <testcase classname="Tests.BrowseJobsTest" name="jobs_count" time="1.448"/>
</testsuite> <!-- Default test -->
