<?xml version="1.0" encoding="UTF-8"?>
<!-- Generated by org.testng.reporters.JUnitXMLReporter -->
<testsuite ignored="5" hostname="DESKTOP-BTQKU2N" failures="2" tests="2" name="Test" time="0.075" errors="0" timestamp="2025-12-14T15:30:37 IST">
  <testcase classname="Tests.HomePageTest" name="quick_job_search_by_location" time="0.017">
    <failure type="java.lang.NullPointerException" message="Cannot invoke &amp;quot;org.openqa.selenium.WebDriver.findElement(org.openqa.selenium.By)&amp;quot; because &amp;quot;this.driver&amp;quot; is null">
      <![CDATA[java.lang.NullPointerException: Cannot invoke "org.openqa.selenium.WebDriver.findElement(org.openqa.selenium.By)" because "this.driver" is null
at PageObjects.LoginPage.signin(LoginPage.java:30)
at Tests.HomePageTest.quick_job_search_by_location(HomePageTest.java:45)
at java.base/java.util.ArrayList.forEach(ArrayList.java:1596)
... Removed 25 stack frames]]>
    </failure>
  </testcase> <!-- quick_job_search_by_location -->
  <testcase classname="Tests.HomePageTest" name="quick_job_search_by_title" time="0.002">
    <failure type="java.lang.NullPointerException" message="Cannot invoke &amp;quot;org.openqa.selenium.WebDriver.findElement(org.openqa.selenium.By)&amp;quot; because &amp;quot;this.driver&amp;quot; is null">
      <![CDATA[java.lang.NullPointerException: Cannot invoke "org.openqa.selenium.WebDriver.findElement(org.openqa.selenium.By)" because "this.driver" is null
at PageObjects.LoginPage.signin(LoginPage.java:30)
at Tests.HomePageTest.quick_job_search_by_title(HomePageTest.java:53)
at java.base/java.util.ArrayList.forEach(ArrayList.java:1596)
... Removed 25 stack frames]]>
    </failure>
  </testcase> <!-- quick_job_search_by_title -->
  <testcase classname="Tests.BrowseJobsTest" name="jobs_count" time="0.0">
    <ignored/>
  </testcase> <!-- jobs_count -->
  <testcase classname="Tests.HomePageTest" name="featured_jobs_list" time="0.0">
    <ignored/>
  </testcase> <!-- featured_jobs_list -->
  <testcase classname="Tests.BrowseJobsTest" name="apply_for_job_twice" time="0.0">
    <ignored/>
  </testcase> <!-- apply_for_job_twice -->
  <testcase classname="Tests.BrowseJobsTest" name="apply_for_job" time="0.0">
    <ignored/>
  </testcase> <!-- apply_for_job -->
  <testcase classname="Tests.HomePageTest" name="quick_job_search_by_type" time="0.0">
    <ignored/>
  </testcase> <!-- quick_job_search_by_type -->
</testsuite> <!-- Test -->
