<?xml version="1.0" encoding="UTF-8"?>
<!-- Generated by org.testng.reporters.JUnitReportReporter -->
<testsuite hostname="DESKTOP-BTQKU2N" failures="0" tests="3" name="Tests.BrowseJobsTest" time="8.876" errors="0" timestamp="2025-12-14T15:06:12 IST" skipped="0">
  <testcase classname="Tests.BrowseJobsTest" name="apply_for_job" time="2.610"/>
  <testcase classname="Tests.BrowseJobsTest" name="apply_for_job_twice" time="3.690"/>
  <testcase classname="Tests.BrowseJobsTest" name="jobs_count" time="2.576"/>
</testsuite> <!-- Tests.BrowseJobsTest -->
